{"contracts/Constants.sol":{"l":{"10":0,"14":0,"18":0},"path":"/home/universe.dart.spb/dgaloyan/workplace/bingo/backend/contracts/Constants.sol","s":{"1":0,"2":0,"3":0},"b":{},"f":{"1":0,"2":0,"3":0},"fnMap":{"1":{"name":"getSubscriptionId","line":9,"loc":{"start":{"line":9,"column":4},"end":{"line":11,"column":4}}},"2":{"name":"getCoordinator","line":13,"loc":{"start":{"line":13,"column":4},"end":{"line":15,"column":4}}},"3":{"name":"getKeyHash","line":17,"loc":{"start":{"line":17,"column":4},"end":{"line":19,"column":4}}}},"statementMap":{"1":{"start":{"line":10,"column":8},"end":{"line":10,"column":30}},"2":{"start":{"line":14,"column":8},"end":{"line":14,"column":26}},"3":{"start":{"line":18,"column":8},"end":{"line":18,"column":23}}},"branchMap":{}},"contracts/Lottery.sol":{"l":{"42":6,"43":6,"44":6,"45":6,"47":6,"48":6,"49":6,"51":6,"55":0,"56":0,"60":0,"62":0,"64":0,"65":0,"66":0,"68":0,"69":0,"72":0,"74":0,"75":0,"76":0,"81":0,"82":0,"83":0,"87":0,"88":0,"89":0,"94":0,"96":0,"97":0,"98":0,"99":0,"101":0,"107":0,"109":0,"110":0,"111":0},"path":"/home/universe.dart.spb/dgaloyan/workplace/bingo/backend/contracts/Lottery.sol","s":{"1":6,"2":6,"3":0,"4":0,"5":0,"6":0,"7":0,"8":0,"9":0,"10":0,"11":0,"12":0,"13":0,"14":0,"15":0,"16":0,"17":0,"18":0,"19":0,"20":0,"21":0,"22":0,"23":0},"b":{"1":[6,0],"2":[0,0],"3":[0,0],"4":[0,0],"5":[0,0],"6":[0,0],"7":[0,0],"8":[0,0],"9":[0,0],"10":[0,0],"11":[0,0]},"f":{"1":6,"2":0,"3":0,"4":0,"5":0,"6":0},"fnMap":{"1":{"name":"constructor","line":41,"loc":{"start":{"line":34,"column":4},"end":{"line":52,"column":4}}},"2":{"name":"onlyLotteryOwner","line":54,"loc":{"start":{"line":54,"column":4},"end":{"line":57,"column":4}}},"3":{"name":"buyLotteryTickets","line":59,"loc":{"start":{"line":59,"column":4},"end":{"line":78,"column":4}}},"4":{"name":"resetGame","line":80,"loc":{"start":{"line":80,"column":4},"end":{"line":84,"column":4}}},"5":{"name":"fulfillRandomWords","line":86,"loc":{"start":{"line":86,"column":4},"end":{"line":90,"column":4}}},"6":{"name":"transferPrizesToWinners","line":92,"loc":{"start":{"line":92,"column":4},"end":{"line":112,"column":4}}}},"statementMap":{"1":{"start":{"line":47,"column":8},"end":{"line":47,"column":46}},"2":{"start":{"line":48,"column":8},"end":{"line":48,"column":1402}},"3":{"start":{"line":55,"column":8},"end":{"line":55,"column":93}},"4":{"start":{"line":60,"column":8},"end":{"line":60,"column":75}},"5":{"start":{"line":62,"column":8},"end":{"line":62,"column":70}},"6":{"start":{"line":64,"column":8},"end":{"line":64,"column":112}},"7":{"start":{"line":65,"column":8},"end":{"line":65,"column":107}},"8":{"start":{"line":66,"column":8},"end":{"line":66,"column":94}},"9":{"start":{"line":68,"column":8},"end":{"line":68,"column":2260}},"10":{"start":{"line":72,"column":8},"end":{"line":72,"column":38}},"11":{"start":{"line":74,"column":8},"end":{"line":74,"column":2418}},"12":{"start":{"line":83,"column":8},"end":{"line":83,"column":24}},"13":{"start":{"line":87,"column":8},"end":{"line":87,"column":61}},"14":{"start":{"line":88,"column":8},"end":{"line":88,"column":18}},"15":{"start":{"line":89,"column":8},"end":{"line":89,"column":44}},"16":{"start":{"line":94,"column":8},"end":{"line":94,"column":76}},"17":{"start":{"line":96,"column":8},"end":{"line":96,"column":3100}},"18":{"start":{"line":97,"column":12},"end":{"line":97,"column":64}},"19":{"start":{"line":98,"column":12},"end":{"line":98,"column":59}},"20":{"start":{"line":99,"column":12},"end":{"line":99,"column":87}},"21":{"start":{"line":107,"column":8},"end":{"line":107,"column":34}},"22":{"start":{"line":109,"column":8},"end":{"line":109,"column":68}},"23":{"start":{"line":110,"column":8},"end":{"line":110,"column":99}}},"branchMap":{"1":{"line":48,"type":"if","locations":[{"start":{"line":48,"column":8},"end":{"line":48,"column":8}},{"start":{"line":48,"column":8},"end":{"line":48,"column":8}}]},"2":{"line":55,"type":"if","locations":[{"start":{"line":55,"column":8},"end":{"line":55,"column":8}},{"start":{"line":55,"column":8},"end":{"line":55,"column":8}}]},"3":{"line":59,"type":"if","locations":[{"start":{"line":59,"column":70},"end":{"line":59,"column":70}},{"start":{"line":59,"column":70},"end":{"line":59,"column":70}}]},"4":{"line":60,"type":"if","locations":[{"start":{"line":60,"column":8},"end":{"line":60,"column":8}},{"start":{"line":60,"column":8},"end":{"line":60,"column":8}}]},"5":{"line":64,"type":"if","locations":[{"start":{"line":64,"column":8},"end":{"line":64,"column":8}},{"start":{"line":64,"column":8},"end":{"line":64,"column":8}}]},"6":{"line":65,"type":"if","locations":[{"start":{"line":65,"column":8},"end":{"line":65,"column":8}},{"start":{"line":65,"column":8},"end":{"line":65,"column":8}}]},"7":{"line":66,"type":"if","locations":[{"start":{"line":66,"column":8},"end":{"line":66,"column":8}},{"start":{"line":66,"column":8},"end":{"line":66,"column":8}}]},"8":{"line":74,"type":"if","locations":[{"start":{"line":74,"column":8},"end":{"line":74,"column":8}},{"start":{"line":74,"column":8},"end":{"line":74,"column":8}}]},"9":{"line":87,"type":"if","locations":[{"start":{"line":87,"column":8},"end":{"line":87,"column":8}},{"start":{"line":87,"column":8},"end":{"line":87,"column":8}}]},"10":{"line":99,"type":"if","locations":[{"start":{"line":99,"column":12},"end":{"line":99,"column":12}},{"start":{"line":99,"column":12},"end":{"line":99,"column":12}}]},"11":{"line":110,"type":"if","locations":[{"start":{"line":110,"column":8},"end":{"line":110,"column":8}},{"start":{"line":110,"column":8},"end":{"line":110,"column":8}}]}}},"contracts/USDT.sol":{"l":{"8":6,"12":6},"path":"/home/universe.dart.spb/dgaloyan/workplace/bingo/backend/contracts/USDT.sol","s":{"1":6,"2":6},"b":{},"f":{"1":6,"2":6},"fnMap":{"1":{"name":"constructor","line":7,"loc":{"start":{"line":7,"column":4},"end":{"line":9,"column":4}}},"2":{"name":"decimals","line":11,"loc":{"start":{"line":11,"column":4},"end":{"line":13,"column":4}}}},"statementMap":{"1":{"start":{"line":8,"column":8},"end":{"line":8,"column":66}},"2":{"start":{"line":12,"column":8},"end":{"line":12,"column":16}}},"branchMap":{}},"contracts/VRFCoordinatorV2Mock.sol":{"l":{"60":6,"61":6,"65":2,"66":2,"67":0,"68":0,"71":2,"75":0,"76":0,"78":0,"93":0,"108":0,"109":0,"110":0,"112":0,"114":0,"115":0,"116":0,"117":0,"120":0,"123":0,"124":0,"125":0,"127":0,"128":0,"129":0,"131":0,"132":0,"133":0,"143":2,"144":0,"146":2,"147":2,"148":2,"158":0,"159":0,"162":0,"163":0,"165":0,"167":0,"177":0,"181":2,"182":2,"183":2,"184":2,"198":0,"199":0,"201":0,"205":0,"206":0,"210":2,"211":2,"212":0,"214":2,"215":0,"217":2,"230":0,"234":2,"235":0,"238":2,"239":0,"242":2,"243":2,"252":0,"253":0,"254":0,"255":0,"256":0,"257":0,"258":0,"262":0,"272":0,"287":0,"301":0,"306":0,"310":0,"314":0},"path":"/home/universe.dart.spb/dgaloyan/workplace/bingo/backend/contracts/VRFCoordinatorV2Mock.sol","s":{"1":2,"2":2,"3":0,"4":0,"5":2,"6":0,"7":0,"8":0,"9":0,"10":0,"11":0,"12":0,"13":0,"14":0,"15":0,"16":0,"17":0,"18":0,"19":0,"20":0,"21":2,"22":2,"23":2,"24":0,"25":0,"26":0,"27":0,"28":0,"29":2,"30":2,"31":0,"32":0,"33":0,"34":2,"35":2,"36":2,"37":0,"38":2,"39":2,"40":0,"41":2,"42":2,"43":0,"44":0,"45":0,"46":0,"47":0,"48":0,"49":0,"50":0,"51":0,"52":0,"53":0,"54":0},"b":{"1":[0,0],"2":[0,0],"3":[0,0],"4":[0,0],"5":[0,0],"6":[0,0],"7":[0,2],"8":[0,0],"9":[0,0],"10":[0,0],"11":[0,0],"12":[0,2],"13":[0,2],"14":[2,0],"15":[0,2],"16":[0,2],"17":[0,0],"18":[0,0],"19":[0,0]},"f":{"1":6,"2":2,"3":0,"4":0,"5":0,"6":2,"7":0,"8":2,"9":0,"10":0,"11":2,"12":0,"13":2,"14":0,"15":0,"16":0,"17":0,"18":0,"19":0,"20":0},"fnMap":{"1":{"name":"constructor","line":59,"loc":{"start":{"line":59,"column":4},"end":{"line":62,"column":4}}},"2":{"name":"consumerIsAdded","line":64,"loc":{"start":{"line":64,"column":4},"end":{"line":72,"column":4}}},"3":{"name":"onlyValidConsumer","line":74,"loc":{"start":{"line":74,"column":4},"end":{"line":79,"column":4}}},"4":{"name":"fulfillRandomWords","line":92,"loc":{"start":{"line":92,"column":4},"end":{"line":94,"column":4}}},"5":{"name":"fulfillRandomWordsWithOverride","line":103,"loc":{"start":{"line":103,"column":4},"end":{"line":134,"column":4}}},"6":{"name":"fundSubscription","line":142,"loc":{"start":{"line":142,"column":4},"end":{"line":149,"column":4}}},"7":{"name":"requestRandomWords","line":157,"loc":{"start":{"line":151,"column":4},"end":{"line":178,"column":4}}},"8":{"name":"createSubscription","line":180,"loc":{"start":{"line":180,"column":4},"end":{"line":185,"column":4}}},"9":{"name":"getSubscription","line":187,"loc":{"start":{"line":187,"column":4},"end":{"line":202,"column":4}}},"10":{"name":"cancelSubscription","line":204,"loc":{"start":{"line":204,"column":4},"end":{"line":207,"column":4}}},"11":{"name":"onlySubOwner","line":209,"loc":{"start":{"line":209,"column":4},"end":{"line":218,"column":4}}},"12":{"name":"getRequestConfig","line":220,"loc":{"start":{"line":220,"column":4},"end":{"line":231,"column":4}}},"13":{"name":"addConsumer","line":233,"loc":{"start":{"line":233,"column":4},"end":{"line":244,"column":4}}},"14":{"name":"removeConsumer","line":250,"loc":{"start":{"line":246,"column":4},"end":{"line":263,"column":4}}},"15":{"name":"getConfig","line":265,"loc":{"start":{"line":265,"column":4},"end":{"line":273,"column":4}}},"16":{"name":"getFeeConfig","line":275,"loc":{"start":{"line":275,"column":4},"end":{"line":298,"column":4}}},"17":{"name":"getFallbackWeiPerUnitLink","line":300,"loc":{"start":{"line":300,"column":4},"end":{"line":303,"column":4}}},"18":{"name":"requestSubscriptionOwnerTransfer","line":305,"loc":{"start":{"line":305,"column":5},"end":{"line":307,"column":5}}},"19":{"name":"acceptSubscriptionOwnerTransfer","line":309,"loc":{"start":{"line":309,"column":5},"end":{"line":311,"column":5}}},"20":{"name":"pendingRequestExists","line":313,"loc":{"start":{"line":313,"column":5},"end":{"line":315,"column":5}}}},"statementMap":{"1":{"start":{"line":65,"column":8},"end":{"line":65,"column":56}},"2":{"start":{"line":66,"column":8},"end":{"line":66,"column":2344}},"3":{"start":{"line":67,"column":12},"end":{"line":67,"column":2409}},"4":{"start":{"line":68,"column":16},"end":{"line":68,"column":27}},"5":{"start":{"line":71,"column":8},"end":{"line":71,"column":20}},"6":{"start":{"line":75,"column":8},"end":{"line":75,"column":2595}},"7":{"start":{"line":93,"column":8},"end":{"line":93,"column":78}},"8":{"start":{"line":108,"column":8},"end":{"line":108,"column":36}},"9":{"start":{"line":109,"column":8},"end":{"line":109,"column":3901}},"10":{"start":{"line":110,"column":12},"end":{"line":110,"column":40}},"11":{"start":{"line":112,"column":8},"end":{"line":112,"column":51}},"12":{"start":{"line":114,"column":8},"end":{"line":114,"column":4057}},"13":{"start":{"line":116,"column":12},"end":{"line":116,"column":4149}},"14":{"start":{"line":119,"column":15},"end":{"line":119,"column":4294}},"15":{"start":{"line":123,"column":8},"end":{"line":123,"column":27}},"16":{"start":{"line":124,"column":8},"end":{"line":124,"column":107}},"17":{"start":{"line":125,"column":8},"end":{"line":125,"column":76}},"18":{"start":{"line":127,"column":8},"end":{"line":127,"column":85}},"19":{"start":{"line":128,"column":8},"end":{"line":128,"column":4695}},"20":{"start":{"line":133,"column":8},"end":{"line":133,"column":75}},"21":{"start":{"line":143,"column":8},"end":{"line":143,"column":5259}},"22":{"start":{"line":146,"column":8},"end":{"line":146,"column":59}},"23":{"start":{"line":148,"column":8},"end":{"line":148,"column":73}},"24":{"start":{"line":158,"column":8},"end":{"line":158,"column":5833}},"25":{"start":{"line":162,"column":8},"end":{"line":162,"column":45}},"26":{"start":{"line":163,"column":8},"end":{"line":163,"column":41}},"27":{"start":{"line":167,"column":8},"end":{"line":167,"column":6154}},"28":{"start":{"line":177,"column":8},"end":{"line":177,"column":24}},"29":{"start":{"line":183,"column":8},"end":{"line":183,"column":60}},"30":{"start":{"line":184,"column":8},"end":{"line":184,"column":29}},"31":{"start":{"line":198,"column":8},"end":{"line":198,"column":6942}},"32":{"start":{"line":201,"column":8},"end":{"line":201,"column":103}},"33":{"start":{"line":205,"column":8},"end":{"line":205,"column":79}},"34":{"start":{"line":210,"column":8},"end":{"line":210,"column":53}},"35":{"start":{"line":211,"column":8},"end":{"line":211,"column":7494}},"36":{"start":{"line":214,"column":8},"end":{"line":214,"column":7581}},"37":{"start":{"line":230,"column":8},"end":{"line":230,"column":45}},"38":{"start":{"line":234,"column":8},"end":{"line":234,"column":7990}},"39":{"start":{"line":238,"column":8},"end":{"line":238,"column":8099}},"40":{"start":{"line":239,"column":12},"end":{"line":239,"column":18}},"41":{"start":{"line":242,"column":8},"end":{"line":242,"column":42}},"42":{"start":{"line":243,"column":8},"end":{"line":243,"column":45}},"43":{"start":{"line":252,"column":8},"end":{"line":252,"column":57}},"44":{"start":{"line":253,"column":8},"end":{"line":253,"column":8498}},"45":{"start":{"line":254,"column":12},"end":{"line":254,"column":8563}},"46":{"start":{"line":255,"column":16},"end":{"line":255,"column":62}},"47":{"start":{"line":257,"column":16},"end":{"line":257,"column":30}},"48":{"start":{"line":262,"column":8},"end":{"line":262,"column":47}},"49":{"start":{"line":272,"column":8},"end":{"line":272,"column":43}},"50":{"start":{"line":287,"column":8},"end":{"line":287,"column":9513}},"51":{"start":{"line":301,"column":8},"end":{"line":301,"column":31}},"52":{"start":{"line":306,"column":9},"end":{"line":306,"column":33}},"53":{"start":{"line":310,"column":9},"end":{"line":310,"column":33}},"54":{"start":{"line":314,"column":9},"end":{"line":314,"column":33}}},"branchMap":{"1":{"line":67,"type":"if","locations":[{"start":{"line":67,"column":12},"end":{"line":67,"column":12}},{"start":{"line":67,"column":12},"end":{"line":67,"column":12}}]},"2":{"line":75,"type":"if","locations":[{"start":{"line":75,"column":8},"end":{"line":75,"column":8}},{"start":{"line":75,"column":8},"end":{"line":75,"column":8}}]},"3":{"line":109,"type":"if","locations":[{"start":{"line":109,"column":8},"end":{"line":109,"column":8}},{"start":{"line":109,"column":8},"end":{"line":109,"column":8}}]},"4":{"line":114,"type":"if","locations":[{"start":{"line":114,"column":8},"end":{"line":114,"column":8}},{"start":{"line":114,"column":8},"end":{"line":114,"column":8}}]},"5":{"line":119,"type":"if","locations":[{"start":{"line":119,"column":15},"end":{"line":119,"column":15}},{"start":{"line":119,"column":15},"end":{"line":119,"column":15}}]},"6":{"line":128,"type":"if","locations":[{"start":{"line":128,"column":8},"end":{"line":128,"column":8}},{"start":{"line":128,"column":8},"end":{"line":128,"column":8}}]},"7":{"line":143,"type":"if","locations":[{"start":{"line":143,"column":8},"end":{"line":143,"column":8}},{"start":{"line":143,"column":8},"end":{"line":143,"column":8}}]},"8":{"line":157,"type":"if","locations":[{"start":{"line":157,"column":24},"end":{"line":157,"column":24}},{"start":{"line":157,"column":24},"end":{"line":157,"column":24}}]},"9":{"line":158,"type":"if","locations":[{"start":{"line":158,"column":8},"end":{"line":158,"column":8}},{"start":{"line":158,"column":8},"end":{"line":158,"column":8}}]},"10":{"line":198,"type":"if","locations":[{"start":{"line":198,"column":8},"end":{"line":198,"column":8}},{"start":{"line":198,"column":8},"end":{"line":198,"column":8}}]},"11":{"line":204,"type":"if","locations":[{"start":{"line":204,"column":78},"end":{"line":204,"column":78}},{"start":{"line":204,"column":78},"end":{"line":204,"column":78}}]},"12":{"line":211,"type":"if","locations":[{"start":{"line":211,"column":8},"end":{"line":211,"column":8}},{"start":{"line":211,"column":8},"end":{"line":211,"column":8}}]},"13":{"line":214,"type":"if","locations":[{"start":{"line":214,"column":8},"end":{"line":214,"column":8}},{"start":{"line":214,"column":8},"end":{"line":214,"column":8}}]},"14":{"line":233,"type":"if","locations":[{"start":{"line":233,"column":77},"end":{"line":233,"column":77}},{"start":{"line":233,"column":77},"end":{"line":233,"column":77}}]},"15":{"line":234,"type":"if","locations":[{"start":{"line":234,"column":8},"end":{"line":234,"column":8}},{"start":{"line":234,"column":8},"end":{"line":234,"column":8}}]},"16":{"line":238,"type":"if","locations":[{"start":{"line":238,"column":8},"end":{"line":238,"column":8}},{"start":{"line":238,"column":8},"end":{"line":238,"column":8}}]},"17":{"line":249,"type":"if","locations":[{"start":{"line":249,"column":4},"end":{"line":249,"column":4}},{"start":{"line":249,"column":4},"end":{"line":249,"column":4}}]},"18":{"line":250,"type":"if","locations":[{"start":{"line":250,"column":4},"end":{"line":250,"column":4}},{"start":{"line":250,"column":4},"end":{"line":250,"column":4}}]},"19":{"line":254,"type":"if","locations":[{"start":{"line":254,"column":12},"end":{"line":254,"column":12}},{"start":{"line":254,"column":12},"end":{"line":254,"column":12}}]}}},"contracts/VRFv2SubscriptionConsumer.sol":{"l":{"51":6,"52":6,"53":6,"59":0,"67":0},"path":"/home/universe.dart.spb/dgaloyan/workplace/bingo/backend/contracts/VRFv2SubscriptionConsumer.sol","s":{"1":0,"2":0},"b":{"1":[0,0]},"f":{"1":6,"2":0},"fnMap":{"1":{"name":"constructor","line":50,"loc":{"start":{"line":46,"column":4},"end":{"line":54,"column":4}}},"2":{"name":"requestRandomWords","line":57,"loc":{"start":{"line":57,"column":4},"end":{"line":68,"column":4}}}},"statementMap":{"1":{"start":{"line":59,"column":8},"end":{"line":59,"column":2220}},"2":{"start":{"line":67,"column":8},"end":{"line":67,"column":24}}},"branchMap":{"1":{"line":57,"type":"if","locations":[{"start":{"line":57,"column":58},"end":{"line":57,"column":58}},{"start":{"line":57,"column":58},"end":{"line":57,"column":58}}]}}}}