TN:
SF:/home/universe.dart.spb/dgaloyan/workplace/bingo/backend/contracts/Constants.sol
FN:9,getSubscriptionId
FN:13,getCoordinator
FN:17,getKeyHash
FNF:3
FNH:0
FNDA:0,getSubscriptionId
FNDA:0,getCoordinator
FNDA:0,getKeyHash
DA:10,0
DA:14,0
DA:18,0
LF:3
LH:0
BRF:0
BRH:0
end_of_record
TN:
SF:/home/universe.dart.spb/dgaloyan/workplace/bingo/backend/contracts/Lottery.sol
FN:41,constructor
FN:54,onlyLotteryOwner
FN:59,buyLotteryTickets
FN:80,resetGame
FN:86,fulfillRandomWords
FN:92,transferPrizesToWinners
FNF:6
FNH:1
FNDA:6,constructor
FNDA:0,onlyLotteryOwner
FNDA:0,buyLotteryTickets
FNDA:0,resetGame
FNDA:0,fulfillRandomWords
FNDA:0,transferPrizesToWinners
DA:42,6
DA:43,6
DA:44,6
DA:45,6
DA:47,6
DA:48,6
DA:49,6
DA:51,6
DA:55,0
DA:56,0
DA:60,0
DA:62,0
DA:64,0
DA:65,0
DA:66,0
DA:68,0
DA:69,0
DA:72,0
DA:74,0
DA:75,0
DA:76,0
DA:81,0
DA:82,0
DA:83,0
DA:87,0
DA:88,0
DA:89,0
DA:94,0
DA:96,0
DA:97,0
DA:98,0
DA:99,0
DA:101,0
DA:107,0
DA:109,0
DA:110,0
DA:111,0
LF:37
LH:8
BRDA:48,1,0,6
BRDA:48,1,1,0
BRDA:55,2,0,0
BRDA:55,2,1,0
BRDA:59,3,0,0
BRDA:59,3,1,0
BRDA:60,4,0,0
BRDA:60,4,1,0
BRDA:64,5,0,0
BRDA:64,5,1,0
BRDA:65,6,0,0
BRDA:65,6,1,0
BRDA:66,7,0,0
BRDA:66,7,1,0
BRDA:74,8,0,0
BRDA:74,8,1,0
BRDA:87,9,0,0
BRDA:87,9,1,0
BRDA:99,10,0,0
BRDA:99,10,1,0
BRDA:110,11,0,0
BRDA:110,11,1,0
BRF:22
BRH:1
end_of_record
TN:
SF:/home/universe.dart.spb/dgaloyan/workplace/bingo/backend/contracts/USDT.sol
FN:7,constructor
FN:11,decimals
FNF:2
FNH:2
FNDA:6,constructor
FNDA:6,decimals
DA:8,6
DA:12,6
LF:2
LH:2
BRF:0
BRH:0
end_of_record
TN:
SF:/home/universe.dart.spb/dgaloyan/workplace/bingo/backend/contracts/VRFCoordinatorV2Mock.sol
FN:59,constructor
FN:64,consumerIsAdded
FN:74,onlyValidConsumer
FN:92,fulfillRandomWords
FN:103,fulfillRandomWordsWithOverride
FN:142,fundSubscription
FN:157,requestRandomWords
FN:180,createSubscription
FN:187,getSubscription
FN:204,cancelSubscription
FN:209,onlySubOwner
FN:220,getRequestConfig
FN:233,addConsumer
FN:250,removeConsumer
FN:265,getConfig
FN:275,getFeeConfig
FN:300,getFallbackWeiPerUnitLink
FN:305,requestSubscriptionOwnerTransfer
FN:309,acceptSubscriptionOwnerTransfer
FN:313,pendingRequestExists
FNF:20
FNH:6
FNDA:6,constructor
FNDA:2,consumerIsAdded
FNDA:0,onlyValidConsumer
FNDA:0,fulfillRandomWords
FNDA:0,fulfillRandomWordsWithOverride
FNDA:2,fundSubscription
FNDA:0,requestRandomWords
FNDA:2,createSubscription
FNDA:0,getSubscription
FNDA:0,cancelSubscription
FNDA:2,onlySubOwner
FNDA:0,getRequestConfig
FNDA:2,addConsumer
FNDA:0,removeConsumer
FNDA:0,getConfig
FNDA:0,getFeeConfig
FNDA:0,getFallbackWeiPerUnitLink
FNDA:0,requestSubscriptionOwnerTransfer
FNDA:0,acceptSubscriptionOwnerTransfer
FNDA:0,pendingRequestExists
DA:60,6
DA:61,6
DA:65,2
DA:66,2
DA:67,0
DA:68,0
DA:71,2
DA:75,0
DA:76,0
DA:78,0
DA:93,0
DA:108,0
DA:109,0
DA:110,0
DA:112,0
DA:114,0
DA:115,0
DA:116,0
DA:117,0
DA:120,0
DA:123,0
DA:124,0
DA:125,0
DA:127,0
DA:128,0
DA:129,0
DA:131,0
DA:132,0
DA:133,0
DA:143,2
DA:144,0
DA:146,2
DA:147,2
DA:148,2
DA:158,0
DA:159,0
DA:162,0
DA:163,0
DA:165,0
DA:167,0
DA:177,0
DA:181,2
DA:182,2
DA:183,2
DA:184,2
DA:198,0
DA:199,0
DA:201,0
DA:205,0
DA:206,0
DA:210,2
DA:211,2
DA:212,0
DA:214,2
DA:215,0
DA:217,2
DA:230,0
DA:234,2
DA:235,0
DA:238,2
DA:239,0
DA:242,2
DA:243,2
DA:252,0
DA:253,0
DA:254,0
DA:255,0
DA:256,0
DA:257,0
DA:258,0
DA:262,0
DA:272,0
DA:287,0
DA:301,0
DA:306,0
DA:310,0
DA:314,0
LF:77
LH:21
BRDA:67,1,0,0
BRDA:67,1,1,0
BRDA:75,2,0,0
BRDA:75,2,1,0
BRDA:109,3,0,0
BRDA:109,3,1,0
BRDA:114,4,0,0
BRDA:114,4,1,0
BRDA:119,5,0,0
BRDA:119,5,1,0
BRDA:128,6,0,0
BRDA:128,6,1,0
BRDA:143,7,0,0
BRDA:143,7,1,2
BRDA:157,8,0,0
BRDA:157,8,1,0
BRDA:158,9,0,0
BRDA:158,9,1,0
BRDA:198,10,0,0
BRDA:198,10,1,0
BRDA:204,11,0,0
BRDA:204,11,1,0
BRDA:211,12,0,0
BRDA:211,12,1,2
BRDA:214,13,0,0
BRDA:214,13,1,2
BRDA:233,14,0,2
BRDA:233,14,1,0
BRDA:234,15,0,0
BRDA:234,15,1,2
BRDA:238,16,0,0
BRDA:238,16,1,2
BRDA:249,17,0,0
BRDA:249,17,1,0
BRDA:250,18,0,0
BRDA:250,18,1,0
BRDA:254,19,0,0
BRDA:254,19,1,0
BRF:38
BRH:6
end_of_record
TN:
SF:/home/universe.dart.spb/dgaloyan/workplace/bingo/backend/contracts/VRFv2SubscriptionConsumer.sol
FN:50,constructor
FN:57,requestRandomWords
FNF:2
FNH:1
FNDA:6,constructor
FNDA:0,requestRandomWords
DA:51,6
DA:52,6
DA:53,6
DA:59,0
DA:67,0
LF:5
LH:3
BRDA:57,1,0,0
BRDA:57,1,1,0
BRF:2
BRH:0
end_of_record
